<?xml version="1.0" encoding="UTF-8"?>
<!-- Generated by org.testng.reporters.JUnitXMLReporter -->
<testsuite ignored="1" hostname="BLR-STR-GAUTHAM" failures="5" tests="7" name="Test" time="0.098" errors="0" timestamp="2022-04-02T20:38:18 IST">
  <testcase classname="com.Selenium.testdemo" name="add2" time="0.0">
    <failure type="org.testng.TestNGException" message="
Cannot inject @Test annotated Method [add2] with [class java.lang.String].
For more information on native dependency injection please refer to https://testng.org/doc/documentation-main.html#native-dependency-injection">
      <![CDATA[org.testng.TestNGException: 
Cannot inject @Test annotated Method [add2] with [class java.lang.String].
For more information on native dependency injection please refer to https://testng.org/doc/documentation-main.html#native-dependency-injection
at java.base/java.util.concurrent.ThreadPoolExecutor.runWorker(ThreadPoolExecutor.java:1128)
at java.base/java.util.concurrent.ThreadPoolExecutor$Worker.run(ThreadPoolExecutor.java:628)
at java.base/java.lang.Thread.run(Thread.java:829)
... Removed 11 stack frames]]>
    </failure>
  </testcase> <!-- add2 -->
  <testcase classname="com.Selenium.testdemo" name="add" time="0.0">
    <failure type="org.testng.TestNGException" message="
Cannot inject @Test annotated Method [add] with [class java.lang.String].
For more information on native dependency injection please refer to https://testng.org/doc/documentation-main.html#native-dependency-injection">
      <![CDATA[org.testng.TestNGException: 
Cannot inject @Test annotated Method [add] with [class java.lang.String].
For more information on native dependency injection please refer to https://testng.org/doc/documentation-main.html#native-dependency-injection
at java.base/java.util.concurrent.ThreadPoolExecutor.runWorker(ThreadPoolExecutor.java:1128)
at java.base/java.util.concurrent.ThreadPoolExecutor$Worker.run(ThreadPoolExecutor.java:628)
at java.base/java.lang.Thread.run(Thread.java:829)
... Removed 11 stack frames]]>
    </failure>
  </testcase> <!-- add -->
  <testcase classname="com.Selenium.testdemo" name="sub2" time="0.004">
    <failure type="java.lang.AssertionError" message="expected:&amp;lt;false&amp;gt; but was:&amp;lt;true&amp;gt;">
      <![CDATA[java.lang.AssertionError: expected:<false> but was:<true>
at com.Selenium.testdemo.sub2(testdemo.java:42)
at java.base/java.util.concurrent.ThreadPoolExecutor.runWorker(ThreadPoolExecutor.java:1128)
at java.base/java.util.concurrent.ThreadPoolExecutor$Worker.run(ThreadPoolExecutor.java:628)
at java.base/java.lang.Thread.run(Thread.java:829)
... Removed 17 stack frames]]>
    </failure>
  </testcase> <!-- sub2 -->
  <testcase classname="com.Selenium.testdemo" name="common" time="0.006">
    <failure type="java.lang.AssertionError" message="expected:&amp;lt;false&amp;gt; but was:&amp;lt;true&amp;gt;">
      <![CDATA[java.lang.AssertionError: expected:<false> but was:<true>
at com.Selenium.testdemo.common(testdemo.java:49)
at java.base/java.util.concurrent.ThreadPoolExecutor.runWorker(ThreadPoolExecutor.java:1128)
at java.base/java.util.concurrent.ThreadPoolExecutor$Worker.run(ThreadPoolExecutor.java:628)
at java.base/java.lang.Thread.run(Thread.java:829)
... Removed 17 stack frames]]>
    </failure>
  </testcase> <!-- common -->
  <testcase classname="com.Selenium.testdemo" name="sub1" time="0.005">
    <failure type="java.lang.AssertionError" message="expected:&amp;lt;false&amp;gt; but was:&amp;lt;true&amp;gt;">
      <![CDATA[java.lang.AssertionError: expected:<false> but was:<true>
at com.Selenium.testdemo.sub1(testdemo.java:36)
at java.base/java.util.concurrent.ThreadPoolExecutor.runWorker(ThreadPoolExecutor.java:1128)
at java.base/java.util.concurrent.ThreadPoolExecutor$Worker.run(ThreadPoolExecutor.java:628)
at java.base/java.lang.Thread.run(Thread.java:829)
... Removed 17 stack frames]]>
    </failure>
  </testcase> <!-- sub1 -->
  <testcase classname="com.Selenium.testcase1" name="sample2" time="0.002"/>
  <testcase classname="com.Selenium.testcase1" name="sample3" time="0.001"/>
  <testcase classname="com.Selenium.testcase1" name="sample1" time="0.0">
    <ignored/>
  </testcase> <!-- sample1 -->
</testsuite> <!-- Test -->
